Arguments: 
  /usr/bin/node /usr/local/bin/yarn

PATH: 
  /home/wei/anaconda3/bin:/home/wei/anaconda3/condabin:/usr/local/sbin:/usr/sbin:/sbin:/usr/local/bin:/usr/bin:/bin:/usr/local/games:/usr/games:/home/wei/.dotnet/tools

Yarn version: 
  1.22.19

Node version: 
  18.13.0

Platform: 
  linux x64

Trace: 
  SyntaxError: /home/wei/maptest/package.json: Unexpected token } in JSON at position 402
      at JSON.parse (<anonymous>)
      at /usr/local/lib/node_modules/yarn/lib/cli.js:1629:59
      at Generator.next (<anonymous>)
      at step (/usr/local/lib/node_modules/yarn/lib/cli.js:310:30)
      at /usr/local/lib/node_modules/yarn/lib/cli.js:321:13

npm manifest: 
  {
    "name": "maptest",
    "version": "1.0.0",
    "main": "node_modules/expo/AppEntry.js",
    "scripts": {
      "start": "expo start",
      "android": "expo start --android",
      "ios": "expo start --ios",
      "web": "expo start --web"
    },
    "dependencies": {
      "d3": "^7.8.2",
      "expo": "~47.0.12",
      "expo-status-bar": "~1.4.2",
      "react-native-svg": "^13.8.0",
      "topojson-client": "^3.1.0",
    },
    "devDependencies": {
      "@babel/core": "^7.12.9"
    },
    "private": true
  }

yarn manifest: 
  No manifest

Lockfile: 
  No lockfile
